Build output check failed:
    Regex: 'command line option .* is valid for .* but not for C\+\+'
    Output line: 'cc1plus: warning: command line option '-Wmissing-prototypes' is valid for C/ObjC but not for C++'
Compilation failed:
    source file: '/home/fpga/opencv-3.4.1/build/CMakeFiles/CMakeTmp/src.cxx'
    check option: ' -fsigned-char -W -Wall -Werror=return-type -Werror=non-virtual-dtor -Werror=address -Werror=sequence-point -Wformat -Werror=format-security -Wmissing-declarations  -Wmissing-prototypes'
===== BUILD LOG =====
Change Dir: /home/fpga/opencv-3.4.1/build/CMakeFiles/CMakeTmp

Run Build Command:"/usr/bin/make" "cmTC_0da57/fast"
/usr/bin/make -f CMakeFiles/cmTC_0da57.dir/build.make CMakeFiles/cmTC_0da57.dir/build
make[1]: Entering directory '/home/fpga/opencv-3.4.1/build/CMakeFiles/CMakeTmp'
Building CXX object CMakeFiles/cmTC_0da57.dir/src.cxx.o
/usr/bin/c++    -O3 -DNDEBUG -fPIE   -fsigned-char -W -Wall -Werror=return-type -Werror=non-virtual-dtor -Werror=address -Werror=sequence-point -Wformat -Werror=format-security -Wmissing-declarations -Wmissing-prototypes -o CMakeFiles/cmTC_0da57.dir/src.cxx.o -c /home/fpga/opencv-3.4.1/build/CMakeFiles/CMakeTmp/src.cxx
cc1plus: warning: command line option '-Wmissing-prototypes' is valid for C/ObjC but not for C++
/home/fpga/opencv-3.4.1/build/CMakeFiles/CMakeTmp/src.cxx:1: warning: ignoring #pragma   [-Wunknown-pragmas]
 #pragma
 
Linking CXX executable cmTC_0da57
/usr/bin/cmake -E cmake_link_script CMakeFiles/cmTC_0da57.dir/link.txt --verbose=1
/usr/bin/c++    -O3 -DNDEBUG    -rdynamic CMakeFiles/cmTC_0da57.dir/src.cxx.o  -o cmTC_0da57 
make[1]: Leaving directory '/home/fpga/opencv-3.4.1/build/CMakeFiles/CMakeTmp'

===== END =====

Build output check failed:
    Regex: 'command line option .* is valid for .* but not for C\+\+'
    Output line: 'cc1plus: warning: command line option '-Wstrict-prototypes' is valid for C/ObjC but not for C++'
Compilation failed:
    source file: '/home/fpga/opencv-3.4.1/build/CMakeFiles/CMakeTmp/src.cxx'
    check option: ' -fsigned-char -W -Wall -Werror=return-type -Werror=non-virtual-dtor -Werror=address -Werror=sequence-point -Wformat -Werror=format-security -Wmissing-declarations  -Wstrict-prototypes'
===== BUILD LOG =====
Change Dir: /home/fpga/opencv-3.4.1/build/CMakeFiles/CMakeTmp

Run Build Command:"/usr/bin/make" "cmTC_9dbc2/fast"
/usr/bin/make -f CMakeFiles/cmTC_9dbc2.dir/build.make CMakeFiles/cmTC_9dbc2.dir/build
make[1]: Entering directory '/home/fpga/opencv-3.4.1/build/CMakeFiles/CMakeTmp'
Building CXX object CMakeFiles/cmTC_9dbc2.dir/src.cxx.o
/usr/bin/c++    -O3 -DNDEBUG -fPIE   -fsigned-char -W -Wall -Werror=return-type -Werror=non-virtual-dtor -Werror=address -Werror=sequence-point -Wformat -Werror=format-security -Wmissing-declarations -Wstrict-prototypes -o CMakeFiles/cmTC_9dbc2.dir/src.cxx.o -c /home/fpga/opencv-3.4.1/build/CMakeFiles/CMakeTmp/src.cxx
cc1plus: warning: command line option '-Wstrict-prototypes' is valid for C/ObjC but not for C++
/home/fpga/opencv-3.4.1/build/CMakeFiles/CMakeTmp/src.cxx:1: warning: ignoring #pragma   [-Wunknown-pragmas]
 #pragma
 
Linking CXX executable cmTC_9dbc2
/usr/bin/cmake -E cmake_link_script CMakeFiles/cmTC_9dbc2.dir/link.txt --verbose=1
/usr/bin/c++    -O3 -DNDEBUG    -rdynamic CMakeFiles/cmTC_9dbc2.dir/src.cxx.o  -o cmTC_9dbc2 
make[1]: Leaving directory '/home/fpga/opencv-3.4.1/build/CMakeFiles/CMakeTmp'

===== END =====

Build output check failed:
    Regex: 'command line option .* is valid for .* but not for C'
    Output line: 'cc1: warning: command line option '-Wsign-promo' is valid for C++/ObjC++ but not for C'
Compilation failed:
    source file: '/home/fpga/opencv-3.4.1/build/CMakeFiles/CMakeTmp/src.c'
    check option: ' -fsigned-char -W -Wall -Werror=return-type -Werror=non-virtual-dtor -Werror=address -Werror=sequence-point -Wformat -Werror=format-security -Wmissing-declarations -Wmissing-prototypes -Wstrict-prototypes -Wundef -Winit-self -Wpointer-arith -Wshadow  -Wsign-promo'
===== BUILD LOG =====
Change Dir: /home/fpga/opencv-3.4.1/build/CMakeFiles/CMakeTmp

Run Build Command:"/usr/bin/make" "cmTC_69ce3/fast"
/usr/bin/make -f CMakeFiles/cmTC_69ce3.dir/build.make CMakeFiles/cmTC_69ce3.dir/build
make[1]: Entering directory '/home/fpga/opencv-3.4.1/build/CMakeFiles/CMakeTmp'
Building C object CMakeFiles/cmTC_69ce3.dir/src.c.o
/usr/bin/cc   -O3 -DNDEBUG -fPIE   -fsigned-char -W -Wall -Werror=return-type -Werror=non-virtual-dtor -Werror=address -Werror=sequence-point -Wformat -Werror=format-security -Wmissing-declarations -Wmissing-prototypes -Wstrict-prototypes -Wundef -Winit-self -Wpointer-arith -Wshadow -Wsign-promo -o CMakeFiles/cmTC_69ce3.dir/src.c.o   -c /home/fpga/opencv-3.4.1/build/CMakeFiles/CMakeTmp/src.c
cc1: warning: command line option '-Wsign-promo' is valid for C++/ObjC++ but not for C
/home/fpga/opencv-3.4.1/build/CMakeFiles/CMakeTmp/src.c:1: warning: ignoring #pragma   [-Wunknown-pragmas]
 #pragma
 
Linking C executable cmTC_69ce3
/usr/bin/cmake -E cmake_link_script CMakeFiles/cmTC_69ce3.dir/link.txt --verbose=1
/usr/bin/cc   -O3 -DNDEBUG    -rdynamic CMakeFiles/cmTC_69ce3.dir/src.c.o  -o cmTC_69ce3 
make[1]: Leaving directory '/home/fpga/opencv-3.4.1/build/CMakeFiles/CMakeTmp'

===== END =====

Build output check failed:
    Regex: 'command line option .* is valid for .* but not for C'
    Output line: 'cc1: warning: command line option '-Wno-delete-non-virtual-dtor' is valid for C++/ObjC++ but not for C'
Compilation failed:
    source file: '/home/fpga/opencv-3.4.1/build/CMakeFiles/CMakeTmp/src.c'
    check option: ' -fsigned-char -W -Wall -Werror=return-type -Werror=non-virtual-dtor -Werror=address -Werror=sequence-point -Wformat -Werror=format-security -Wmissing-declarations -Wmissing-prototypes -Wstrict-prototypes -Wundef -Winit-self -Wpointer-arith -Wshadow -Wuninitialized -Winit-self -Wno-narrowing  -Wno-delete-non-virtual-dtor'
===== BUILD LOG =====
Change Dir: /home/fpga/opencv-3.4.1/build/CMakeFiles/CMakeTmp

Run Build Command:"/usr/bin/make" "cmTC_c1264/fast"
/usr/bin/make -f CMakeFiles/cmTC_c1264.dir/build.make CMakeFiles/cmTC_c1264.dir/build
make[1]: Entering directory '/home/fpga/opencv-3.4.1/build/CMakeFiles/CMakeTmp'
Building C object CMakeFiles/cmTC_c1264.dir/src.c.o
/usr/bin/cc   -O3 -DNDEBUG -fPIE   -fsigned-char -W -Wall -Werror=return-type -Werror=non-virtual-dtor -Werror=address -Werror=sequence-point -Wformat -Werror=format-security -Wmissing-declarations -Wmissing-prototypes -Wstrict-prototypes -Wundef -Winit-self -Wpointer-arith -Wshadow -Wuninitialized -Winit-self -Wno-narrowing -Wno-delete-non-virtual-dtor -o CMakeFiles/cmTC_c1264.dir/src.c.o   -c /home/fpga/opencv-3.4.1/build/CMakeFiles/CMakeTmp/src.c
cc1: warning: command line option '-Wno-delete-non-virtual-dtor' is valid for C++/ObjC++ but not for C
/home/fpga/opencv-3.4.1/build/CMakeFiles/CMakeTmp/src.c:1: warning: ignoring #pragma   [-Wunknown-pragmas]
 #pragma
 
Linking C executable cmTC_c1264
/usr/bin/cmake -E cmake_link_script CMakeFiles/cmTC_c1264.dir/link.txt --verbose=1
/usr/bin/cc   -O3 -DNDEBUG    -rdynamic CMakeFiles/cmTC_c1264.dir/src.c.o  -o cmTC_c1264 
make[1]: Leaving directory '/home/fpga/opencv-3.4.1/build/CMakeFiles/CMakeTmp'

===== END =====

Build output check failed:
    Regex: 'unrecognized .*option'
    Output line: 'cc1plus: warning: unrecognized command line option '-Wno-unnamed-type-template-args''
Compilation failed:
    source file: '/home/fpga/opencv-3.4.1/build/CMakeFiles/CMakeTmp/src.cxx'
    check option: ' -fsigned-char -W -Wall -Werror=return-type -Werror=non-virtual-dtor -Werror=address -Werror=sequence-point -Wformat -Werror=format-security -Wmissing-declarations -Wundef -Winit-self -Wpointer-arith -Wshadow -Wsign-promo -Wuninitialized -Winit-self -Wno-narrowing -Wno-delete-non-virtual-dtor  -Wno-unnamed-type-template-args'
===== BUILD LOG =====
Change Dir: /home/fpga/opencv-3.4.1/build/CMakeFiles/CMakeTmp

Run Build Command:"/usr/bin/make" "cmTC_7c35d/fast"
/usr/bin/make -f CMakeFiles/cmTC_7c35d.dir/build.make CMakeFiles/cmTC_7c35d.dir/build
make[1]: Entering directory '/home/fpga/opencv-3.4.1/build/CMakeFiles/CMakeTmp'
Building CXX object CMakeFiles/cmTC_7c35d.dir/src.cxx.o
/usr/bin/c++    -O3 -DNDEBUG -fPIE   -fsigned-char -W -Wall -Werror=return-type -Werror=non-virtual-dtor -Werror=address -Werror=sequence-point -Wformat -Werror=format-security -Wmissing-declarations -Wundef -Winit-self -Wpointer-arith -Wshadow -Wsign-promo -Wuninitialized -Winit-self -Wno-narrowing -Wno-delete-non-virtual-dtor -Wno-unnamed-type-template-args -o CMakeFiles/cmTC_7c35d.dir/src.cxx.o -c /home/fpga/opencv-3.4.1/build/CMakeFiles/CMakeTmp/src.cxx
/home/fpga/opencv-3.4.1/build/CMakeFiles/CMakeTmp/src.cxx:1: warning: ignoring #pragma   [-Wunknown-pragmas]
 #pragma
 
cc1plus: warning: unrecognized command line option '-Wno-unnamed-type-template-args'
Linking CXX executable cmTC_7c35d
/usr/bin/cmake -E cmake_link_script CMakeFiles/cmTC_7c35d.dir/link.txt --verbose=1
/usr/bin/c++    -O3 -DNDEBUG    -rdynamic CMakeFiles/cmTC_7c35d.dir/src.cxx.o  -o cmTC_7c35d 
make[1]: Leaving directory '/home/fpga/opencv-3.4.1/build/CMakeFiles/CMakeTmp'

===== END =====

Build output check failed:
    Regex: 'unrecognized .*option'
    Output line: 'cc1: warning: unrecognized command line option '-Wno-unnamed-type-template-args''
Compilation failed:
    source file: '/home/fpga/opencv-3.4.1/build/CMakeFiles/CMakeTmp/src.c'
    check option: ' -fsigned-char -W -Wall -Werror=return-type -Werror=non-virtual-dtor -Werror=address -Werror=sequence-point -Wformat -Werror=format-security -Wmissing-declarations -Wmissing-prototypes -Wstrict-prototypes -Wundef -Winit-self -Wpointer-arith -Wshadow -Wuninitialized -Winit-self -Wno-narrowing  -Wno-unnamed-type-template-args'
===== BUILD LOG =====
Change Dir: /home/fpga/opencv-3.4.1/build/CMakeFiles/CMakeTmp

Run Build Command:"/usr/bin/make" "cmTC_ed70a/fast"
/usr/bin/make -f CMakeFiles/cmTC_ed70a.dir/build.make CMakeFiles/cmTC_ed70a.dir/build
make[1]: Entering directory '/home/fpga/opencv-3.4.1/build/CMakeFiles/CMakeTmp'
Building C object CMakeFiles/cmTC_ed70a.dir/src.c.o
/usr/bin/cc   -O3 -DNDEBUG -fPIE   -fsigned-char -W -Wall -Werror=return-type -Werror=non-virtual-dtor -Werror=address -Werror=sequence-point -Wformat -Werror=format-security -Wmissing-declarations -Wmissing-prototypes -Wstrict-prototypes -Wundef -Winit-self -Wpointer-arith -Wshadow -Wuninitialized -Winit-self -Wno-narrowing -Wno-unnamed-type-template-args -o CMakeFiles/cmTC_ed70a.dir/src.c.o   -c /home/fpga/opencv-3.4.1/build/CMakeFiles/CMakeTmp/src.c
/home/fpga/opencv-3.4.1/build/CMakeFiles/CMakeTmp/src.c:1: warning: ignoring #pragma   [-Wunknown-pragmas]
 #pragma
 
cc1: warning: unrecognized command line option '-Wno-unnamed-type-template-args'
Linking C executable cmTC_ed70a
/usr/bin/cmake -E cmake_link_script CMakeFiles/cmTC_ed70a.dir/link.txt --verbose=1
/usr/bin/cc   -O3 -DNDEBUG    -rdynamic CMakeFiles/cmTC_ed70a.dir/src.c.o  -o cmTC_ed70a 
make[1]: Leaving directory '/home/fpga/opencv-3.4.1/build/CMakeFiles/CMakeTmp'

===== END =====

Build output check failed:
    Regex: 'command line option .* is valid for .* but not for C'
    Output line: 'cc1: warning: command line option '-fvisibility-inlines-hidden' is valid for C++/ObjC++ but not for C'
Compilation failed:
    source file: '/home/fpga/opencv-3.4.1/build/CMakeFiles/CMakeTmp/src.c'
    check option: ' -fsigned-char -W -Wall -Werror=return-type -Werror=non-virtual-dtor -Werror=address -Werror=sequence-point -Wformat -Werror=format-security -Wmissing-declarations -Wmissing-prototypes -Wstrict-prototypes -Wundef -Winit-self -Wpointer-arith -Wshadow -Wuninitialized -Winit-self -Wno-narrowing -Wno-comment -Wno-implicit-fallthrough -fdiagnostics-show-option -pthread -fomit-frame-pointer -ffunction-sections -fdata-sections    -fvisibility=hidden  -fvisibility-inlines-hidden'
===== BUILD LOG =====
Change Dir: /home/fpga/opencv-3.4.1/build/CMakeFiles/CMakeTmp

Run Build Command:"/usr/bin/make" "cmTC_cee2a/fast"
/usr/bin/make -f CMakeFiles/cmTC_cee2a.dir/build.make CMakeFiles/cmTC_cee2a.dir/build
make[1]: Entering directory '/home/fpga/opencv-3.4.1/build/CMakeFiles/CMakeTmp'
Building C object CMakeFiles/cmTC_cee2a.dir/src.c.o
/usr/bin/cc   -O3 -DNDEBUG -fPIE   -fsigned-char -W -Wall -Werror=return-type -Werror=non-virtual-dtor -Werror=address -Werror=sequence-point -Wformat -Werror=format-security -Wmissing-declarations -Wmissing-prototypes -Wstrict-prototypes -Wundef -Winit-self -Wpointer-arith -Wshadow -Wuninitialized -Winit-self -Wno-narrowing -Wno-comment -Wno-implicit-fallthrough -fdiagnostics-show-option -pthread -fomit-frame-pointer -ffunction-sections -fdata-sections -fvisibility=hidden -fvisibility-inlines-hidden -o CMakeFiles/cmTC_cee2a.dir/src.c.o   -c /home/fpga/opencv-3.4.1/build/CMakeFiles/CMakeTmp/src.c
cc1: warning: command line option '-fvisibility-inlines-hidden' is valid for C++/ObjC++ but not for C
/home/fpga/opencv-3.4.1/build/CMakeFiles/CMakeTmp/src.c:1: warning: ignoring #pragma   [-Wunknown-pragmas]
 #pragma
 
Linking C executable cmTC_cee2a
/usr/bin/cmake -E cmake_link_script CMakeFiles/cmTC_cee2a.dir/link.txt --verbose=1
/usr/bin/cc   -O3 -DNDEBUG    -rdynamic CMakeFiles/cmTC_cee2a.dir/src.c.o  -o cmTC_cee2a 
make[1]: Leaving directory '/home/fpga/opencv-3.4.1/build/CMakeFiles/CMakeTmp'

===== END =====

Determining if the include file io.h exists failed with the following output:
Change Dir: /home/fpga/opencv-3.4.1/build/CMakeFiles/CMakeTmp

Run Build Command:"/usr/bin/make" "cmTC_1b07f/fast"
/usr/bin/make -f CMakeFiles/cmTC_1b07f.dir/build.make CMakeFiles/cmTC_1b07f.dir/build
make[1]: Entering directory '/home/fpga/opencv-3.4.1/build/CMakeFiles/CMakeTmp'
Building C object CMakeFiles/cmTC_1b07f.dir/CheckIncludeFile.c.o
/usr/bin/cc   -fsigned-char -W -Wall -Werror=return-type -Werror=non-virtual-dtor -Werror=address -Werror=sequence-point -Wformat -Werror=format-security -Wmissing-declarations -Wmissing-prototypes -Wstrict-prototypes -Wundef -Winit-self -Wpointer-arith -Wshadow -Wuninitialized -Winit-self -Wno-narrowing -Wno-comment -Wno-implicit-fallthrough -fdiagnostics-show-option -pthread -fomit-frame-pointer -ffunction-sections -fdata-sections    -fvisibility=hidden  -O3 -DNDEBUG -fPIE   -o CMakeFiles/cmTC_1b07f.dir/CheckIncludeFile.c.o   -c /home/fpga/opencv-3.4.1/build/CMakeFiles/CMakeTmp/CheckIncludeFile.c
/home/fpga/opencv-3.4.1/build/CMakeFiles/CMakeTmp/CheckIncludeFile.c:1:10: fatal error: io.h: No such file or directory
 #include <io.h>
          ^~~~~~
compilation terminated.
make[1]: *** [CMakeFiles/cmTC_1b07f.dir/build.make:66: CMakeFiles/cmTC_1b07f.dir/CheckIncludeFile.c.o] Error 1
make[1]: Leaving directory '/home/fpga/opencv-3.4.1/build/CMakeFiles/CMakeTmp'
make: *** [Makefile:121: cmTC_1b07f/fast] Error 2


Determining size of INT8 failed with the following output:
Change Dir: /home/fpga/opencv-3.4.1/build/CMakeFiles/CMakeTmp

Run Build Command:"/usr/bin/make" "cmTC_c6739/fast"
/usr/bin/make -f CMakeFiles/cmTC_c6739.dir/build.make CMakeFiles/cmTC_c6739.dir/build
make[1]: Entering directory '/home/fpga/opencv-3.4.1/build/CMakeFiles/CMakeTmp'
Building C object CMakeFiles/cmTC_c6739.dir/int8.c.o
/usr/bin/cc   -fsigned-char -W -Wall -Werror=return-type -Werror=non-virtual-dtor -Werror=address -Werror=sequence-point -Wformat -Werror=format-security -Wmissing-declarations -Wmissing-prototypes -Wstrict-prototypes -Wundef -Winit-self -Wpointer-arith -Wshadow -Wuninitialized -Winit-self -Wno-narrowing -Wno-comment -Wno-implicit-fallthrough -fdiagnostics-show-option -pthread -fomit-frame-pointer -ffunction-sections -fdata-sections    -fvisibility=hidden  -O3 -DNDEBUG -fPIE   -o CMakeFiles/cmTC_c6739.dir/int8.c.o   -c /home/fpga/opencv-3.4.1/build/CMakeFiles/CheckTypeSize/int8.c
/home/fpga/opencv-3.4.1/build/CMakeFiles/CheckTypeSize/int8.c:23:22: error: 'INT8' undeclared here (not in a function); did you mean 'INT8_C'?
 #define SIZE (sizeof(INT8))
                      ^~~~
/home/fpga/opencv-3.4.1/build/CMakeFiles/CheckTypeSize/int8.c:25:12: note: in expansion of macro 'SIZE'
   ('0' + ((SIZE / 10000)%10)),
            ^~~~
make[1]: *** [CMakeFiles/cmTC_c6739.dir/build.make:66: CMakeFiles/cmTC_c6739.dir/int8.c.o] Error 1
make[1]: Leaving directory '/home/fpga/opencv-3.4.1/build/CMakeFiles/CMakeTmp'
make: *** [Makefile:121: cmTC_c6739/fast] Error 2

/home/fpga/opencv-3.4.1/build/CMakeFiles/CheckTypeSize/int8.c:
#include <sys/types.h>
#include <stdint.h>
#include <stddef.h>


#undef KEY
#if defined(__i386)
# define KEY '_','_','i','3','8','6'
#elif defined(__x86_64)
# define KEY '_','_','x','8','6','_','6','4'
#elif defined(__ppc__)
# define KEY '_','_','p','p','c','_','_'
#elif defined(__ppc64__)
# define KEY '_','_','p','p','c','6','4','_','_'
#elif defined(__aarch64__)
# define KEY '_','_','a','a','r','c','h','6','4','_','_'
#elif defined(__ARM_ARCH_7A__)
# define KEY '_','_','A','R','M','_','A','R','C','H','_','7','A','_','_'
#elif defined(__ARM_ARCH_7S__)
# define KEY '_','_','A','R','M','_','A','R','C','H','_','7','S','_','_'
#endif

#define SIZE (sizeof(INT8))
char info_size[] =  {'I', 'N', 'F', 'O', ':', 's','i','z','e','[',
  ('0' + ((SIZE / 10000)%10)),
  ('0' + ((SIZE / 1000)%10)),
  ('0' + ((SIZE / 100)%10)),
  ('0' + ((SIZE / 10)%10)),
  ('0' +  (SIZE    % 10)),
  ']',
#ifdef KEY
  ' ','k','e','y','[', KEY, ']',
#endif
  '\0'};

#ifdef __CLASSIC_C__
int main(argc, argv) int argc; char *argv[];
#else
int main(int argc, char *argv[])
#endif
{
  int require = 0;
  require += info_size[argc];
  (void)argv;
  return require;
}


Determining size of INT16 failed with the following output:
Change Dir: /home/fpga/opencv-3.4.1/build/CMakeFiles/CMakeTmp

Run Build Command:"/usr/bin/make" "cmTC_46999/fast"
/usr/bin/make -f CMakeFiles/cmTC_46999.dir/build.make CMakeFiles/cmTC_46999.dir/build
make[1]: Entering directory '/home/fpga/opencv-3.4.1/build/CMakeFiles/CMakeTmp'
Building C object CMakeFiles/cmTC_46999.dir/int16.c.o
/usr/bin/cc   -fsigned-char -W -Wall -Werror=return-type -Werror=non-virtual-dtor -Werror=address -Werror=sequence-point -Wformat -Werror=format-security -Wmissing-declarations -Wmissing-prototypes -Wstrict-prototypes -Wundef -Winit-self -Wpointer-arith -Wshadow -Wuninitialized -Winit-self -Wno-narrowing -Wno-comment -Wno-implicit-fallthrough -fdiagnostics-show-option -pthread -fomit-frame-pointer -ffunction-sections -fdata-sections    -fvisibility=hidden  -O3 -DNDEBUG -fPIE   -o CMakeFiles/cmTC_46999.dir/int16.c.o   -c /home/fpga/opencv-3.4.1/build/CMakeFiles/CheckTypeSize/int16.c
/home/fpga/opencv-3.4.1/build/CMakeFiles/CheckTypeSize/int16.c:23:22: error: 'INT16' undeclared here (not in a function); did you mean 'INT16_C'?
 #define SIZE (sizeof(INT16))
                      ^~~~~
/home/fpga/opencv-3.4.1/build/CMakeFiles/CheckTypeSize/int16.c:25:12: note: in expansion of macro 'SIZE'
   ('0' + ((SIZE / 10000)%10)),
            ^~~~
make[1]: *** [CMakeFiles/cmTC_46999.dir/build.make:66: CMakeFiles/cmTC_46999.dir/int16.c.o] Error 1
make[1]: Leaving directory '/home/fpga/opencv-3.4.1/build/CMakeFiles/CMakeTmp'
make: *** [Makefile:121: cmTC_46999/fast] Error 2

/home/fpga/opencv-3.4.1/build/CMakeFiles/CheckTypeSize/int16.c:
#include <sys/types.h>
#include <stdint.h>
#include <stddef.h>


#undef KEY
#if defined(__i386)
# define KEY '_','_','i','3','8','6'
#elif defined(__x86_64)
# define KEY '_','_','x','8','6','_','6','4'
#elif defined(__ppc__)
# define KEY '_','_','p','p','c','_','_'
#elif defined(__ppc64__)
# define KEY '_','_','p','p','c','6','4','_','_'
#elif defined(__aarch64__)
# define KEY '_','_','a','a','r','c','h','6','4','_','_'
#elif defined(__ARM_ARCH_7A__)
# define KEY '_','_','A','R','M','_','A','R','C','H','_','7','A','_','_'
#elif defined(__ARM_ARCH_7S__)
# define KEY '_','_','A','R','M','_','A','R','C','H','_','7','S','_','_'
#endif

#define SIZE (sizeof(INT16))
char info_size[] =  {'I', 'N', 'F', 'O', ':', 's','i','z','e','[',
  ('0' + ((SIZE / 10000)%10)),
  ('0' + ((SIZE / 1000)%10)),
  ('0' + ((SIZE / 100)%10)),
  ('0' + ((SIZE / 10)%10)),
  ('0' +  (SIZE    % 10)),
  ']',
#ifdef KEY
  ' ','k','e','y','[', KEY, ']',
#endif
  '\0'};

#ifdef __CLASSIC_C__
int main(argc, argv) int argc; char *argv[];
#else
int main(int argc, char *argv[])
#endif
{
  int require = 0;
  require += info_size[argc];
  (void)argv;
  return require;
}


Determining size of INT32 failed with the following output:
Change Dir: /home/fpga/opencv-3.4.1/build/CMakeFiles/CMakeTmp

Run Build Command:"/usr/bin/make" "cmTC_2d980/fast"
/usr/bin/make -f CMakeFiles/cmTC_2d980.dir/build.make CMakeFiles/cmTC_2d980.dir/build
make[1]: Entering directory '/home/fpga/opencv-3.4.1/build/CMakeFiles/CMakeTmp'
Building C object CMakeFiles/cmTC_2d980.dir/int32.c.o
/usr/bin/cc   -fsigned-char -W -Wall -Werror=return-type -Werror=non-virtual-dtor -Werror=address -Werror=sequence-point -Wformat -Werror=format-security -Wmissing-declarations -Wmissing-prototypes -Wstrict-prototypes -Wundef -Winit-self -Wpointer-arith -Wshadow -Wuninitialized -Winit-self -Wno-narrowing -Wno-comment -Wno-implicit-fallthrough -fdiagnostics-show-option -pthread -fomit-frame-pointer -ffunction-sections -fdata-sections    -fvisibility=hidden  -O3 -DNDEBUG -fPIE   -o CMakeFiles/cmTC_2d980.dir/int32.c.o   -c /home/fpga/opencv-3.4.1/build/CMakeFiles/CheckTypeSize/int32.c
/home/fpga/opencv-3.4.1/build/CMakeFiles/CheckTypeSize/int32.c:23:22: error: 'INT32' undeclared here (not in a function); did you mean 'INT32_C'?
 #define SIZE (sizeof(INT32))
                      ^~~~~
/home/fpga/opencv-3.4.1/build/CMakeFiles/CheckTypeSize/int32.c:25:12: note: in expansion of macro 'SIZE'
   ('0' + ((SIZE / 10000)%10)),
            ^~~~
make[1]: *** [CMakeFiles/cmTC_2d980.dir/build.make:66: CMakeFiles/cmTC_2d980.dir/int32.c.o] Error 1
make[1]: Leaving directory '/home/fpga/opencv-3.4.1/build/CMakeFiles/CMakeTmp'
make: *** [Makefile:121: cmTC_2d980/fast] Error 2

/home/fpga/opencv-3.4.1/build/CMakeFiles/CheckTypeSize/int32.c:
#include <sys/types.h>
#include <stdint.h>
#include <stddef.h>


#undef KEY
#if defined(__i386)
# define KEY '_','_','i','3','8','6'
#elif defined(__x86_64)
# define KEY '_','_','x','8','6','_','6','4'
#elif defined(__ppc__)
# define KEY '_','_','p','p','c','_','_'
#elif defined(__ppc64__)
# define KEY '_','_','p','p','c','6','4','_','_'
#elif defined(__aarch64__)
# define KEY '_','_','a','a','r','c','h','6','4','_','_'
#elif defined(__ARM_ARCH_7A__)
# define KEY '_','_','A','R','M','_','A','R','C','H','_','7','A','_','_'
#elif defined(__ARM_ARCH_7S__)
# define KEY '_','_','A','R','M','_','A','R','C','H','_','7','S','_','_'
#endif

#define SIZE (sizeof(INT32))
char info_size[] =  {'I', 'N', 'F', 'O', ':', 's','i','z','e','[',
  ('0' + ((SIZE / 10000)%10)),
  ('0' + ((SIZE / 1000)%10)),
  ('0' + ((SIZE / 100)%10)),
  ('0' + ((SIZE / 10)%10)),
  ('0' +  (SIZE    % 10)),
  ']',
#ifdef KEY
  ' ','k','e','y','[', KEY, ']',
#endif
  '\0'};

#ifdef __CLASSIC_C__
int main(argc, argv) int argc; char *argv[];
#else
int main(int argc, char *argv[])
#endif
{
  int require = 0;
  require += info_size[argc];
  (void)argv;
  return require;
}


Determining if the function setmode exists failed with the following output:
Change Dir: /home/fpga/opencv-3.4.1/build/CMakeFiles/CMakeTmp

Run Build Command:"/usr/bin/make" "cmTC_1e06e/fast"
/usr/bin/make -f CMakeFiles/cmTC_1e06e.dir/build.make CMakeFiles/cmTC_1e06e.dir/build
make[1]: Entering directory '/home/fpga/opencv-3.4.1/build/CMakeFiles/CMakeTmp'
Building C object CMakeFiles/cmTC_1e06e.dir/CheckFunctionExists.c.o
/usr/bin/cc   -fsigned-char -W -Wall -Werror=return-type -Werror=non-virtual-dtor -Werror=address -Werror=sequence-point -Wformat -Werror=format-security -Wmissing-declarations -Wmissing-prototypes -Wstrict-prototypes -Wundef -Winit-self -Wpointer-arith -Wshadow -Wuninitialized -Winit-self -Wno-narrowing -Wno-comment -Wno-implicit-fallthrough -fdiagnostics-show-option -pthread -fomit-frame-pointer -ffunction-sections -fdata-sections    -fvisibility=hidden -DCHECK_FUNCTION_EXISTS=setmode -O3 -DNDEBUG -fPIE   -o CMakeFiles/cmTC_1e06e.dir/CheckFunctionExists.c.o   -c /usr/share/cmake-3.13/Modules/CheckFunctionExists.c
Linking C executable cmTC_1e06e
/usr/bin/cmake -E cmake_link_script CMakeFiles/cmTC_1e06e.dir/link.txt --verbose=1
/usr/bin/cc    -fsigned-char -W -Wall -Werror=return-type -Werror=non-virtual-dtor -Werror=address -Werror=sequence-point -Wformat -Werror=format-security -Wmissing-declarations -Wmissing-prototypes -Wstrict-prototypes -Wundef -Winit-self -Wpointer-arith -Wshadow -Wuninitialized -Winit-self -Wno-narrowing -Wno-comment -Wno-implicit-fallthrough -fdiagnostics-show-option -pthread -fomit-frame-pointer -ffunction-sections -fdata-sections    -fvisibility=hidden -DCHECK_FUNCTION_EXISTS=setmode -O3 -DNDEBUG    -Wl,--gc-sections  -rdynamic CMakeFiles/cmTC_1e06e.dir/CheckFunctionExists.c.o  -o cmTC_1e06e 
/usr/bin/ld: CMakeFiles/cmTC_1e06e.dir/CheckFunctionExists.c.o: in function `main':
CheckFunctionExists.c:(.text.startup.main+0x10): undefined reference to `setmode'
collect2: error: ld returned 1 exit status
make[1]: *** [CMakeFiles/cmTC_1e06e.dir/build.make:87: cmTC_1e06e] Error 1
make[1]: Leaving directory '/home/fpga/opencv-3.4.1/build/CMakeFiles/CMakeTmp'
make: *** [Makefile:121: cmTC_1e06e/fast] Error 2


Build output check failed:
    Regex: 'unrecognized .*option'
    Output line: 'cc1: warning: unrecognized command line option '-Wno-absolute-value''
Compilation failed:
    source file: '/home/fpga/opencv-3.4.1/build/CMakeFiles/CMakeTmp/src.c'
    check option: ' -Wno-absolute-value'
===== BUILD LOG =====
Change Dir: /home/fpga/opencv-3.4.1/build/CMakeFiles/CMakeTmp

Run Build Command:"/usr/bin/make" "cmTC_6ec34/fast"
/usr/bin/make -f CMakeFiles/cmTC_6ec34.dir/build.make CMakeFiles/cmTC_6ec34.dir/build
make[1]: Entering directory '/home/fpga/opencv-3.4.1/build/CMakeFiles/CMakeTmp'
Building C object CMakeFiles/cmTC_6ec34.dir/src.c.o
/usr/bin/cc   -fsigned-char -W -Wall -Werror=return-type -Werror=non-virtual-dtor -Werror=address -Werror=sequence-point -Wformat -Werror=format-security   -Wstrict-prototypes -Wundef -Winit-self -Wpointer-arith  -Wuninitialized -Winit-self -Wno-narrowing -Wno-comment -Wno-implicit-fallthrough -fdiagnostics-show-option -pthread -fomit-frame-pointer -ffunction-sections -fdata-sections    -fvisibility=hidden -Wno-implicit-function-declaration -Wno-uninitialized -Wno-missing-prototypes -Wno-unused-but-set-parameter -Wno-missing-declarations -Wno-unused -Wno-shadow -Wno-sign-compare -Wno-strict-overflow -Wno-pointer-compare  -O3 -DNDEBUG -fPIE   -Wno-absolute-value -o CMakeFiles/cmTC_6ec34.dir/src.c.o   -c /home/fpga/opencv-3.4.1/build/CMakeFiles/CMakeTmp/src.c
/home/fpga/opencv-3.4.1/build/CMakeFiles/CMakeTmp/src.c:1: warning: ignoring #pragma   [-Wunknown-pragmas]
 #pragma
 
cc1: warning: unrecognized command line option '-Wno-absolute-value'
Linking C executable cmTC_6ec34
/usr/bin/cmake -E cmake_link_script CMakeFiles/cmTC_6ec34.dir/link.txt --verbose=1
/usr/bin/cc    -fsigned-char -W -Wall -Werror=return-type -Werror=non-virtual-dtor -Werror=address -Werror=sequence-point -Wformat -Werror=format-security   -Wstrict-prototypes -Wundef -Winit-self -Wpointer-arith  -Wuninitialized -Winit-self -Wno-narrowing -Wno-comment -Wno-implicit-fallthrough -fdiagnostics-show-option -pthread -fomit-frame-pointer -ffunction-sections -fdata-sections    -fvisibility=hidden -Wno-implicit-function-declaration -Wno-uninitialized -Wno-missing-prototypes -Wno-unused-but-set-parameter -Wno-missing-declarations -Wno-unused -Wno-shadow -Wno-sign-compare -Wno-strict-overflow -Wno-pointer-compare  -O3 -DNDEBUG    -Wl,--gc-sections  -rdynamic CMakeFiles/cmTC_6ec34.dir/src.c.o  -o cmTC_6ec34 
make[1]: Leaving directory '/home/fpga/opencv-3.4.1/build/CMakeFiles/CMakeTmp'

===== END =====

Determining if the include file linux/videodev.h exists failed with the following output:
Change Dir: /home/fpga/opencv-3.4.1/build/CMakeFiles/CMakeTmp

Run Build Command:"/usr/bin/make" "cmTC_54878/fast"
/usr/bin/make -f CMakeFiles/cmTC_54878.dir/build.make CMakeFiles/cmTC_54878.dir/build
make[1]: Entering directory '/home/fpga/opencv-3.4.1/build/CMakeFiles/CMakeTmp'
Building C object CMakeFiles/cmTC_54878.dir/CheckIncludeFile.c.o
/usr/bin/cc   -fsigned-char -W -Wall -Werror=return-type -Werror=non-virtual-dtor -Werror=address -Werror=sequence-point -Wformat -Werror=format-security -Wmissing-declarations -Wmissing-prototypes -Wstrict-prototypes -Wundef -Winit-self -Wpointer-arith -Wshadow -Wuninitialized -Winit-self -Wno-narrowing -Wno-comment -Wno-implicit-fallthrough -fdiagnostics-show-option -pthread -fomit-frame-pointer -ffunction-sections -fdata-sections    -fvisibility=hidden  -O3 -DNDEBUG -fPIE   -o CMakeFiles/cmTC_54878.dir/CheckIncludeFile.c.o   -c /home/fpga/opencv-3.4.1/build/CMakeFiles/CMakeTmp/CheckIncludeFile.c
/home/fpga/opencv-3.4.1/build/CMakeFiles/CMakeTmp/CheckIncludeFile.c:1:10: fatal error: linux/videodev.h: No such file or directory
 #include <linux/videodev.h>
          ^~~~~~~~~~~~~~~~~~
compilation terminated.
make[1]: *** [CMakeFiles/cmTC_54878.dir/build.make:66: CMakeFiles/cmTC_54878.dir/CheckIncludeFile.c.o] Error 1
make[1]: Leaving directory '/home/fpga/opencv-3.4.1/build/CMakeFiles/CMakeTmp'
make: *** [Makefile:121: cmTC_54878/fast] Error 2


Determining if the include file sys/videoio.h exists failed with the following output:
Change Dir: /home/fpga/opencv-3.4.1/build/CMakeFiles/CMakeTmp

Run Build Command:"/usr/bin/make" "cmTC_0eb1f/fast"
/usr/bin/make -f CMakeFiles/cmTC_0eb1f.dir/build.make CMakeFiles/cmTC_0eb1f.dir/build
make[1]: Entering directory '/home/fpga/opencv-3.4.1/build/CMakeFiles/CMakeTmp'
Building C object CMakeFiles/cmTC_0eb1f.dir/CheckIncludeFile.c.o
/usr/bin/cc   -fsigned-char -W -Wall -Werror=return-type -Werror=non-virtual-dtor -Werror=address -Werror=sequence-point -Wformat -Werror=format-security -Wmissing-declarations -Wmissing-prototypes -Wstrict-prototypes -Wundef -Winit-self -Wpointer-arith -Wshadow -Wuninitialized -Winit-self -Wno-narrowing -Wno-comment -Wno-implicit-fallthrough -fdiagnostics-show-option -pthread -fomit-frame-pointer -ffunction-sections -fdata-sections    -fvisibility=hidden  -O3 -DNDEBUG -fPIE   -o CMakeFiles/cmTC_0eb1f.dir/CheckIncludeFile.c.o   -c /home/fpga/opencv-3.4.1/build/CMakeFiles/CMakeTmp/CheckIncludeFile.c
/home/fpga/opencv-3.4.1/build/CMakeFiles/CMakeTmp/CheckIncludeFile.c:1:10: fatal error: sys/videoio.h: No such file or directory
 #include <sys/videoio.h>
          ^~~~~~~~~~~~~~~
compilation terminated.
make[1]: *** [CMakeFiles/cmTC_0eb1f.dir/build.make:66: CMakeFiles/cmTC_0eb1f.dir/CheckIncludeFile.c.o] Error 1
make[1]: Leaving directory '/home/fpga/opencv-3.4.1/build/CMakeFiles/CMakeTmp'
make: *** [Makefile:121: cmTC_0eb1f/fast] Error 2


Determining if the function sgemm_ exists failed with the following output:
Change Dir: /home/fpga/opencv-3.4.1/build/CMakeFiles/CMakeTmp

Run Build Command:"/usr/bin/make" "cmTC_c6f8b/fast"
/usr/bin/make -f CMakeFiles/cmTC_c6f8b.dir/build.make CMakeFiles/cmTC_c6f8b.dir/build
make[1]: Entering directory '/home/fpga/opencv-3.4.1/build/CMakeFiles/CMakeTmp'
Building C object CMakeFiles/cmTC_c6f8b.dir/CheckFunctionExists.c.o
/usr/bin/cc   -fsigned-char -W -Wall -Werror=return-type -Werror=non-virtual-dtor -Werror=address -Werror=sequence-point -Wformat -Werror=format-security -Wmissing-declarations -Wmissing-prototypes -Wstrict-prototypes -Wundef -Winit-self -Wpointer-arith -Wshadow -Wuninitialized -Winit-self -Wno-narrowing -Wno-comment -Wno-implicit-fallthrough -fdiagnostics-show-option -pthread -fomit-frame-pointer -ffunction-sections -fdata-sections    -fvisibility=hidden -DCHECK_FUNCTION_EXISTS=sgemm_ -O3 -DNDEBUG -fPIE   -o CMakeFiles/cmTC_c6f8b.dir/CheckFunctionExists.c.o   -c /usr/share/cmake-3.13/Modules/CheckFunctionExists.c
Linking C executable cmTC_c6f8b
/usr/bin/cmake -E cmake_link_script CMakeFiles/cmTC_c6f8b.dir/link.txt --verbose=1
/usr/bin/cc    -fsigned-char -W -Wall -Werror=return-type -Werror=non-virtual-dtor -Werror=address -Werror=sequence-point -Wformat -Werror=format-security -Wmissing-declarations -Wmissing-prototypes -Wstrict-prototypes -Wundef -Winit-self -Wpointer-arith -Wshadow -Wuninitialized -Winit-self -Wno-narrowing -Wno-comment -Wno-implicit-fallthrough -fdiagnostics-show-option -pthread -fomit-frame-pointer -ffunction-sections -fdata-sections    -fvisibility=hidden -DCHECK_FUNCTION_EXISTS=sgemm_ -O3 -DNDEBUG    -Wl,--gc-sections  -rdynamic CMakeFiles/cmTC_c6f8b.dir/CheckFunctionExists.c.o  -o cmTC_c6f8b 
/usr/bin/ld: CMakeFiles/cmTC_c6f8b.dir/CheckFunctionExists.c.o: in function `main':
CheckFunctionExists.c:(.text.startup.main+0x10): undefined reference to `sgemm_'
collect2: error: ld returned 1 exit status
make[1]: *** [CMakeFiles/cmTC_c6f8b.dir/build.make:87: cmTC_c6f8b] Error 1
make[1]: Leaving directory '/home/fpga/opencv-3.4.1/build/CMakeFiles/CMakeTmp'
make: *** [Makefile:121: cmTC_c6f8b/fast] Error 2


Build output check failed:
    Regex: 'command line option .* is valid for .* but not for C\+\+'
    Output line: 'cc1plus: warning: command line option '-Wno-missing-prototypes' is valid for C/ObjC but not for C++'
Compilation failed:
    source file: '/home/fpga/opencv-3.4.1/build/CMakeFiles/CMakeTmp/src.cxx'
    check option: ' -Wno-missing-prototypes'
===== BUILD LOG =====
Change Dir: /home/fpga/opencv-3.4.1/build/CMakeFiles/CMakeTmp

Run Build Command:"/usr/bin/make" "cmTC_68807/fast"
/usr/bin/make -f CMakeFiles/cmTC_68807.dir/build.make CMakeFiles/cmTC_68807.dir/build
make[1]: Entering directory '/home/fpga/opencv-3.4.1/build/CMakeFiles/CMakeTmp'
Building CXX object CMakeFiles/cmTC_68807.dir/src.cxx.o
/usr/bin/c++    -fsigned-char -W -Wall -Werror=return-type -Werror=non-virtual-dtor -Werror=address -Werror=sequence-point -Wformat -Werror=format-security -Wmissing-declarations -Wundef -Winit-self -Wpointer-arith -Wshadow -Wsign-promo -Wuninitialized -Winit-self -Wno-narrowing -Wno-delete-non-virtual-dtor -Wno-comment -Wno-implicit-fallthrough -fdiagnostics-show-option -pthread -fomit-frame-pointer -ffunction-sections -fdata-sections    -fvisibility=hidden -fvisibility-inlines-hidden -Wno-deprecated  -O3 -DNDEBUG -fPIE   -Wno-missing-prototypes -o CMakeFiles/cmTC_68807.dir/src.cxx.o -c /home/fpga/opencv-3.4.1/build/CMakeFiles/CMakeTmp/src.cxx
cc1plus: warning: command line option '-Wno-missing-prototypes' is valid for C/ObjC but not for C++
/home/fpga/opencv-3.4.1/build/CMakeFiles/CMakeTmp/src.cxx:1: warning: ignoring #pragma   [-Wunknown-pragmas]
 #pragma
 
Linking CXX executable cmTC_68807
/usr/bin/cmake -E cmake_link_script CMakeFiles/cmTC_68807.dir/link.txt --verbose=1
/usr/bin/c++     -fsigned-char -W -Wall -Werror=return-type -Werror=non-virtual-dtor -Werror=address -Werror=sequence-point -Wformat -Werror=format-security -Wmissing-declarations -Wundef -Winit-self -Wpointer-arith -Wshadow -Wsign-promo -Wuninitialized -Winit-self -Wno-narrowing -Wno-delete-non-virtual-dtor -Wno-comment -Wno-implicit-fallthrough -fdiagnostics-show-option -pthread -fomit-frame-pointer -ffunction-sections -fdata-sections    -fvisibility=hidden -fvisibility-inlines-hidden -Wno-deprecated  -O3 -DNDEBUG    -Wl,--gc-sections  -rdynamic CMakeFiles/cmTC_68807.dir/src.cxx.o  -o cmTC_68807 
make[1]: Leaving directory '/home/fpga/opencv-3.4.1/build/CMakeFiles/CMakeTmp'

===== END =====

Build output check failed:
    Regex: 'unrecognized .*option'
    Output line: 'cc1plus: warning: unrecognized command line option '-Wno-tautological-undefined-compare''
Compilation failed:
    source file: '/home/fpga/opencv-3.4.1/build/CMakeFiles/CMakeTmp/src.cxx'
    check option: ' -Wno-tautological-undefined-compare'
===== BUILD LOG =====
Change Dir: /home/fpga/opencv-3.4.1/build/CMakeFiles/CMakeTmp

Run Build Command:"/usr/bin/make" "cmTC_e8d15/fast"
/usr/bin/make -f CMakeFiles/cmTC_e8d15.dir/build.make CMakeFiles/cmTC_e8d15.dir/build
make[1]: Entering directory '/home/fpga/opencv-3.4.1/build/CMakeFiles/CMakeTmp'
Building CXX object CMakeFiles/cmTC_e8d15.dir/src.cxx.o
/usr/bin/c++    -fsigned-char -W -Wall -Werror=return-type -Werror=non-virtual-dtor -Werror=address -Werror=sequence-point -Wformat -Werror=format-security   -Winit-self -Wpointer-arith   -Wuninitialized -Winit-self -Wno-narrowing -Wno-delete-non-virtual-dtor -Wno-comment -Wno-implicit-fallthrough -fdiagnostics-show-option -pthread -fomit-frame-pointer -ffunction-sections -fdata-sections    -fvisibility=hidden -fvisibility-inlines-hidden -Wno-deprecated -Wno-missing-declarations -Wno-shadow -Wno-unused-parameter -Wno-unused-local-typedefs -Wno-sign-compare -Wno-sign-promo -Wno-undef  -O3 -DNDEBUG -fPIE   -Wno-tautological-undefined-compare -o CMakeFiles/cmTC_e8d15.dir/src.cxx.o -c /home/fpga/opencv-3.4.1/build/CMakeFiles/CMakeTmp/src.cxx
/home/fpga/opencv-3.4.1/build/CMakeFiles/CMakeTmp/src.cxx:1: warning: ignoring #pragma   [-Wunknown-pragmas]
 #pragma
 
cc1plus: warning: unrecognized command line option '-Wno-tautological-undefined-compare'
Linking CXX executable cmTC_e8d15
/usr/bin/cmake -E cmake_link_script CMakeFiles/cmTC_e8d15.dir/link.txt --verbose=1
/usr/bin/c++     -fsigned-char -W -Wall -Werror=return-type -Werror=non-virtual-dtor -Werror=address -Werror=sequence-point -Wformat -Werror=format-security   -Winit-self -Wpointer-arith   -Wuninitialized -Winit-self -Wno-narrowing -Wno-delete-non-virtual-dtor -Wno-comment -Wno-implicit-fallthrough -fdiagnostics-show-option -pthread -fomit-frame-pointer -ffunction-sections -fdata-sections    -fvisibility=hidden -fvisibility-inlines-hidden -Wno-deprecated -Wno-missing-declarations -Wno-shadow -Wno-unused-parameter -Wno-unused-local-typedefs -Wno-sign-compare -Wno-sign-promo -Wno-undef  -O3 -DNDEBUG    -Wl,--gc-sections  -rdynamic CMakeFiles/cmTC_e8d15.dir/src.cxx.o  -o cmTC_e8d15 
make[1]: Leaving directory '/home/fpga/opencv-3.4.1/build/CMakeFiles/CMakeTmp'

===== END =====

Build output check failed:
    Regex: 'unrecognized .*option'
    Output line: 'cc1plus: warning: unrecognized command line option '-Wno-shorten-64-to-32''
Compilation failed:
    source file: '/home/fpga/opencv-3.4.1/build/CMakeFiles/CMakeTmp/src.cxx'
    check option: ' -Wno-shorten-64-to-32'
===== BUILD LOG =====
Change Dir: /home/fpga/opencv-3.4.1/build/CMakeFiles/CMakeTmp

Run Build Command:"/usr/bin/make" "cmTC_9858a/fast"
/usr/bin/make -f CMakeFiles/cmTC_9858a.dir/build.make CMakeFiles/cmTC_9858a.dir/build
make[1]: Entering directory '/home/fpga/opencv-3.4.1/build/CMakeFiles/CMakeTmp'
Building CXX object CMakeFiles/cmTC_9858a.dir/src.cxx.o
/usr/bin/c++    -fsigned-char -W -Wall -Werror=return-type -Werror=non-virtual-dtor -Werror=address -Werror=sequence-point -Wformat -Werror=format-security   -Winit-self -Wpointer-arith   -Wuninitialized -Winit-self -Wno-narrowing -Wno-delete-non-virtual-dtor -Wno-comment -Wno-implicit-fallthrough -fdiagnostics-show-option -pthread -fomit-frame-pointer -ffunction-sections -fdata-sections    -fvisibility=hidden -fvisibility-inlines-hidden -Wno-deprecated -Wno-missing-declarations -Wno-shadow -Wno-unused-parameter -Wno-unused-local-typedefs -Wno-sign-compare -Wno-sign-promo -Wno-undef -Wno-ignored-qualifiers -Wno-extra -Wno-unused-function -Wno-unused-const-variable  -O3 -DNDEBUG -fPIE   -Wno-shorten-64-to-32 -o CMakeFiles/cmTC_9858a.dir/src.cxx.o -c /home/fpga/opencv-3.4.1/build/CMakeFiles/CMakeTmp/src.cxx
/home/fpga/opencv-3.4.1/build/CMakeFiles/CMakeTmp/src.cxx:1: warning: ignoring #pragma   [-Wunknown-pragmas]
 #pragma
 
cc1plus: warning: unrecognized command line option '-Wno-shorten-64-to-32'
Linking CXX executable cmTC_9858a
/usr/bin/cmake -E cmake_link_script CMakeFiles/cmTC_9858a.dir/link.txt --verbose=1
/usr/bin/c++     -fsigned-char -W -Wall -Werror=return-type -Werror=non-virtual-dtor -Werror=address -Werror=sequence-point -Wformat -Werror=format-security   -Winit-self -Wpointer-arith   -Wuninitialized -Winit-self -Wno-narrowing -Wno-delete-non-virtual-dtor -Wno-comment -Wno-implicit-fallthrough -fdiagnostics-show-option -pthread -fomit-frame-pointer -ffunction-sections -fdata-sections    -fvisibility=hidden -fvisibility-inlines-hidden -Wno-deprecated -Wno-missing-declarations -Wno-shadow -Wno-unused-parameter -Wno-unused-local-typedefs -Wno-sign-compare -Wno-sign-promo -Wno-undef -Wno-ignored-qualifiers -Wno-extra -Wno-unused-function -Wno-unused-const-variable  -O3 -DNDEBUG    -Wl,--gc-sections  -rdynamic CMakeFiles/cmTC_9858a.dir/src.cxx.o  -o cmTC_9858a 
make[1]: Leaving directory '/home/fpga/opencv-3.4.1/build/CMakeFiles/CMakeTmp'

===== END =====

Build output check failed:
    Regex: 'unrecognized .*option'
    Output line: 'cc1plus: warning: unrecognized command line option '-Wno-enum-compare-switch''
Compilation failed:
    source file: '/home/fpga/opencv-3.4.1/build/CMakeFiles/CMakeTmp/src.cxx'
    check option: ' -Wno-enum-compare-switch'
===== BUILD LOG =====
Change Dir: /home/fpga/opencv-3.4.1/build/CMakeFiles/CMakeTmp

Run Build Command:"/usr/bin/make" "cmTC_30d29/fast"
/usr/bin/make -f CMakeFiles/cmTC_30d29.dir/build.make CMakeFiles/cmTC_30d29.dir/build
make[1]: Entering directory '/home/fpga/opencv-3.4.1/build/CMakeFiles/CMakeTmp'
Building CXX object CMakeFiles/cmTC_30d29.dir/src.cxx.o
/usr/bin/c++    -fsigned-char -W -Wall -Werror=return-type -Werror=non-virtual-dtor -Werror=address -Werror=sequence-point -Wformat -Werror=format-security   -Winit-self -Wpointer-arith   -Wuninitialized -Winit-self -Wno-narrowing -Wno-delete-non-virtual-dtor -Wno-comment -Wno-implicit-fallthrough -fdiagnostics-show-option -pthread -fomit-frame-pointer -ffunction-sections -fdata-sections    -fvisibility=hidden -fvisibility-inlines-hidden -Wno-deprecated -Wno-missing-declarations -Wno-shadow -Wno-unused-parameter -Wno-unused-local-typedefs -Wno-sign-compare -Wno-sign-promo -Wno-undef -Wno-ignored-qualifiers -Wno-extra -Wno-unused-function -Wno-unused-const-variable -Wno-invalid-offsetof  -O3 -DNDEBUG -fPIE   -Wno-enum-compare-switch -o CMakeFiles/cmTC_30d29.dir/src.cxx.o -c /home/fpga/opencv-3.4.1/build/CMakeFiles/CMakeTmp/src.cxx
/home/fpga/opencv-3.4.1/build/CMakeFiles/CMakeTmp/src.cxx:1: warning: ignoring #pragma   [-Wunknown-pragmas]
 #pragma
 
cc1plus: warning: unrecognized command line option '-Wno-enum-compare-switch'
Linking CXX executable cmTC_30d29
/usr/bin/cmake -E cmake_link_script CMakeFiles/cmTC_30d29.dir/link.txt --verbose=1
/usr/bin/c++     -fsigned-char -W -Wall -Werror=return-type -Werror=non-virtual-dtor -Werror=address -Werror=sequence-point -Wformat -Werror=format-security   -Winit-self -Wpointer-arith   -Wuninitialized -Winit-self -Wno-narrowing -Wno-delete-non-virtual-dtor -Wno-comment -Wno-implicit-fallthrough -fdiagnostics-show-option -pthread -fomit-frame-pointer -ffunction-sections -fdata-sections    -fvisibility=hidden -fvisibility-inlines-hidden -Wno-deprecated -Wno-missing-declarations -Wno-shadow -Wno-unused-parameter -Wno-unused-local-typedefs -Wno-sign-compare -Wno-sign-promo -Wno-undef -Wno-ignored-qualifiers -Wno-extra -Wno-unused-function -Wno-unused-const-variable -Wno-invalid-offsetof  -O3 -DNDEBUG    -Wl,--gc-sections  -rdynamic CMakeFiles/cmTC_30d29.dir/src.cxx.o  -o cmTC_30d29 
make[1]: Leaving directory '/home/fpga/opencv-3.4.1/build/CMakeFiles/CMakeTmp'

===== END =====

Performing C++ SOURCE FILE Test CXX_HAS_MFPU_NEON failed with the following output:
Change Dir: /home/fpga/opencv-3.4.1/build/CMakeFiles/CMakeTmp

Run Build Command:"/usr/bin/make" "cmTC_d9b73/fast"
/usr/bin/make -f CMakeFiles/cmTC_d9b73.dir/build.make CMakeFiles/cmTC_d9b73.dir/build
make[1]: Entering directory '/home/fpga/opencv-3.4.1/build/CMakeFiles/CMakeTmp'
Building CXX object CMakeFiles/cmTC_d9b73.dir/src.cxx.o
/usr/bin/c++    -fsigned-char -W -Wall -Werror=return-type -Werror=non-virtual-dtor -Werror=address -Werror=sequence-point -Wformat -Werror=format-security -Wmissing-declarations -Wundef -Winit-self -Wpointer-arith -Wshadow -Wsign-promo -Wuninitialized -Winit-self -Wno-narrowing -Wno-delete-non-virtual-dtor -Wno-comment -Wno-implicit-fallthrough -fdiagnostics-show-option -pthread -fomit-frame-pointer -ffunction-sections -fdata-sections    -fvisibility=hidden -fvisibility-inlines-hidden -funwind-tables -fweb -fwrapv -frename-registers -fsched2-use-superblocks -fsched2-use-traces -fsched-stalled-insns-dep=100 -fsched-stalled-insns=2 -DCXX_HAS_MFPU_NEON -O3 -DNDEBUG -fPIE   -mfpu=neon -o CMakeFiles/cmTC_d9b73.dir/src.cxx.o -c /home/fpga/opencv-3.4.1/build/CMakeFiles/CMakeTmp/src.cxx
c++: error: unrecognized command line option '-mfpu=neon'
make[1]: *** [CMakeFiles/cmTC_d9b73.dir/build.make:66: CMakeFiles/cmTC_d9b73.dir/src.cxx.o] Error 1
make[1]: Leaving directory '/home/fpga/opencv-3.4.1/build/CMakeFiles/CMakeTmp'
make: *** [Makefile:121: cmTC_d9b73/fast] Error 2

Source file was:
int main() { return 0; }
Performing C SOURCE FILE Test C_HAS_MFPU_NEON failed with the following output:
Change Dir: /home/fpga/opencv-3.4.1/build/CMakeFiles/CMakeTmp

Run Build Command:"/usr/bin/make" "cmTC_d8338/fast"
/usr/bin/make -f CMakeFiles/cmTC_d8338.dir/build.make CMakeFiles/cmTC_d8338.dir/build
make[1]: Entering directory '/home/fpga/opencv-3.4.1/build/CMakeFiles/CMakeTmp'
Building C object CMakeFiles/cmTC_d8338.dir/src.c.o
/usr/bin/cc   -fsigned-char -W -Wall -Werror=return-type -Werror=non-virtual-dtor -Werror=address -Werror=sequence-point -Wformat -Werror=format-security -Wmissing-declarations -Wmissing-prototypes -Wstrict-prototypes -Wundef -Winit-self -Wpointer-arith -Wshadow -Wuninitialized -Winit-self -Wno-narrowing -Wno-comment -Wno-implicit-fallthrough -fdiagnostics-show-option -pthread -fomit-frame-pointer -ffunction-sections -fdata-sections    -fvisibility=hidden -funwind-tables -fweb -fwrapv -frename-registers -fsched2-use-superblocks -fsched2-use-traces -fsched-stalled-insns-dep=100 -fsched-stalled-insns=2 -DC_HAS_MFPU_NEON -O3 -DNDEBUG -fPIE   -mfpu=neon -o CMakeFiles/cmTC_d8338.dir/src.c.o   -c /home/fpga/opencv-3.4.1/build/CMakeFiles/CMakeTmp/src.c
cc: error: unrecognized command line option '-mfpu=neon'
make[1]: *** [CMakeFiles/cmTC_d8338.dir/build.make:66: CMakeFiles/cmTC_d8338.dir/src.c.o] Error 1
make[1]: Leaving directory '/home/fpga/opencv-3.4.1/build/CMakeFiles/CMakeTmp'
make: *** [Makefile:121: cmTC_d8338/fast] Error 2

Source file was:
int main(void) { return 0; }
Build output check failed:
    Regex: 'unrecognized .*option'
    Output line: 'cc1plus: warning: unrecognized command line option '-Wno-unused-private-field''
Compilation failed:
    source file: '/home/fpga/opencv-3.4.1/build/CMakeFiles/CMakeTmp/src.cxx'
    check option: ' -Wno-unused-private-field'
===== BUILD LOG =====
Change Dir: /home/fpga/opencv-3.4.1/build/CMakeFiles/CMakeTmp

Run Build Command:"/usr/bin/make" "cmTC_b19e9/fast"
/usr/bin/make -f CMakeFiles/cmTC_b19e9.dir/build.make CMakeFiles/cmTC_b19e9.dir/build
make[1]: Entering directory '/home/fpga/opencv-3.4.1/build/CMakeFiles/CMakeTmp'
Building CXX object CMakeFiles/cmTC_b19e9.dir/src.cxx.o
/usr/bin/c++    -fsigned-char -W -Wall -Werror=return-type -Werror=non-virtual-dtor -Werror=address -Werror=sequence-point -Wformat -Werror=format-security -Wmissing-declarations -Wundef -Winit-self -Wpointer-arith -Wshadow -Wsign-promo -Wuninitialized -Winit-self -Wno-narrowing -Wno-delete-non-virtual-dtor -Wno-comment -Wno-implicit-fallthrough -fdiagnostics-show-option -pthread -fomit-frame-pointer -ffunction-sections -fdata-sections    -fvisibility=hidden -fvisibility-inlines-hidden -Wno-unused-function -Wno-overloaded-virtual  -O3 -DNDEBUG -fPIE   -Wno-unused-private-field -o CMakeFiles/cmTC_b19e9.dir/src.cxx.o -c /home/fpga/opencv-3.4.1/build/CMakeFiles/CMakeTmp/src.cxx
/home/fpga/opencv-3.4.1/build/CMakeFiles/CMakeTmp/src.cxx:1: warning: ignoring #pragma   [-Wunknown-pragmas]
 #pragma
 
cc1plus: warning: unrecognized command line option '-Wno-unused-private-field'
Linking CXX executable cmTC_b19e9
/usr/bin/cmake -E cmake_link_script CMakeFiles/cmTC_b19e9.dir/link.txt --verbose=1
/usr/bin/c++     -fsigned-char -W -Wall -Werror=return-type -Werror=non-virtual-dtor -Werror=address -Werror=sequence-point -Wformat -Werror=format-security -Wmissing-declarations -Wundef -Winit-self -Wpointer-arith -Wshadow -Wsign-promo -Wuninitialized -Winit-self -Wno-narrowing -Wno-delete-non-virtual-dtor -Wno-comment -Wno-implicit-fallthrough -fdiagnostics-show-option -pthread -fomit-frame-pointer -ffunction-sections -fdata-sections    -fvisibility=hidden -fvisibility-inlines-hidden -Wno-unused-function -Wno-overloaded-virtual  -O3 -DNDEBUG    -Wl,--gc-sections  -rdynamic CMakeFiles/cmTC_b19e9.dir/src.cxx.o  -o cmTC_b19e9 
make[1]: Leaving directory '/home/fpga/opencv-3.4.1/build/CMakeFiles/CMakeTmp'

===== END =====

Determining if the CL_VERSION_2_2 exist failed with the following output:
Change Dir: /home/fpga/opencv-3.4.1/build/CMakeFiles/CMakeTmp

Run Build Command:"/usr/bin/make" "cmTC_8ef26/fast"
/usr/bin/make -f CMakeFiles/cmTC_8ef26.dir/build.make CMakeFiles/cmTC_8ef26.dir/build
make[1]: Entering directory '/home/fpga/opencv-3.4.1/build/CMakeFiles/CMakeTmp'
Building C object CMakeFiles/cmTC_8ef26.dir/CheckSymbolExists.c.o
/usr/bin/cc   -fsigned-char -W -Wall -Werror=return-type -Werror=non-virtual-dtor -Werror=address -Werror=sequence-point -Wformat -Werror=format-security -Wmissing-declarations -Wmissing-prototypes -Wstrict-prototypes -Wundef -Winit-self -Wpointer-arith -Wshadow -Wuninitialized -Winit-self -Wno-narrowing -Wno-comment -Wno-implicit-fallthrough -fdiagnostics-show-option -pthread -fomit-frame-pointer -ffunction-sections -fdata-sections    -fvisibility=hidden  -O3 -DNDEBUG -fPIE   -o CMakeFiles/cmTC_8ef26.dir/CheckSymbolExists.c.o   -c /home/fpga/opencv-3.4.1/build/CMakeFiles/CMakeTmp/CheckSymbolExists.c
/home/fpga/opencv-3.4.1/build/CMakeFiles/CMakeTmp/CheckSymbolExists.c:2:10: fatal error: OpenCL_INCLUDE_DIR-NOTFOUND/CL/cl.h: No such file or directory
 #include <OpenCL_INCLUDE_DIR-NOTFOUND/CL/cl.h>
          ^~~~~~~~~~~~~~~~~~~~~~~~~~~~~~~~~~~~~
compilation terminated.
make[1]: *** [CMakeFiles/cmTC_8ef26.dir/build.make:66: CMakeFiles/cmTC_8ef26.dir/CheckSymbolExists.c.o] Error 1
make[1]: Leaving directory '/home/fpga/opencv-3.4.1/build/CMakeFiles/CMakeTmp'
make: *** [Makefile:121: cmTC_8ef26/fast] Error 2

File /home/fpga/opencv-3.4.1/build/CMakeFiles/CMakeTmp/CheckSymbolExists.c:
/* */
#include <OpenCL_INCLUDE_DIR-NOTFOUND/CL/cl.h>

int main(int argc, char** argv)
{
  (void)argv;
#ifndef CL_VERSION_2_2
  return ((int*)(&CL_VERSION_2_2))[argc];
#else
  (void)argc;
  return 0;
#endif
}

Determining if the CL_VERSION_2_1 exist failed with the following output:
Change Dir: /home/fpga/opencv-3.4.1/build/CMakeFiles/CMakeTmp

Run Build Command:"/usr/bin/make" "cmTC_60b7f/fast"
/usr/bin/make -f CMakeFiles/cmTC_60b7f.dir/build.make CMakeFiles/cmTC_60b7f.dir/build
make[1]: Entering directory '/home/fpga/opencv-3.4.1/build/CMakeFiles/CMakeTmp'
Building C object CMakeFiles/cmTC_60b7f.dir/CheckSymbolExists.c.o
/usr/bin/cc   -fsigned-char -W -Wall -Werror=return-type -Werror=non-virtual-dtor -Werror=address -Werror=sequence-point -Wformat -Werror=format-security -Wmissing-declarations -Wmissing-prototypes -Wstrict-prototypes -Wundef -Winit-self -Wpointer-arith -Wshadow -Wuninitialized -Winit-self -Wno-narrowing -Wno-comment -Wno-implicit-fallthrough -fdiagnostics-show-option -pthread -fomit-frame-pointer -ffunction-sections -fdata-sections    -fvisibility=hidden  -O3 -DNDEBUG -fPIE   -o CMakeFiles/cmTC_60b7f.dir/CheckSymbolExists.c.o   -c /home/fpga/opencv-3.4.1/build/CMakeFiles/CMakeTmp/CheckSymbolExists.c
/home/fpga/opencv-3.4.1/build/CMakeFiles/CMakeTmp/CheckSymbolExists.c:2:10: fatal error: OpenCL_INCLUDE_DIR-NOTFOUND/CL/cl.h: No such file or directory
 #include <OpenCL_INCLUDE_DIR-NOTFOUND/CL/cl.h>
          ^~~~~~~~~~~~~~~~~~~~~~~~~~~~~~~~~~~~~
compilation terminated.
make[1]: *** [CMakeFiles/cmTC_60b7f.dir/build.make:66: CMakeFiles/cmTC_60b7f.dir/CheckSymbolExists.c.o] Error 1
make[1]: Leaving directory '/home/fpga/opencv-3.4.1/build/CMakeFiles/CMakeTmp'
make: *** [Makefile:121: cmTC_60b7f/fast] Error 2

File /home/fpga/opencv-3.4.1/build/CMakeFiles/CMakeTmp/CheckSymbolExists.c:
/* */
#include <OpenCL_INCLUDE_DIR-NOTFOUND/CL/cl.h>

int main(int argc, char** argv)
{
  (void)argv;
#ifndef CL_VERSION_2_1
  return ((int*)(&CL_VERSION_2_1))[argc];
#else
  (void)argc;
  return 0;
#endif
}

Determining if the CL_VERSION_2_0 exist failed with the following output:
Change Dir: /home/fpga/opencv-3.4.1/build/CMakeFiles/CMakeTmp

Run Build Command:"/usr/bin/make" "cmTC_3730a/fast"
/usr/bin/make -f CMakeFiles/cmTC_3730a.dir/build.make CMakeFiles/cmTC_3730a.dir/build
make[1]: Entering directory '/home/fpga/opencv-3.4.1/build/CMakeFiles/CMakeTmp'
Building C object CMakeFiles/cmTC_3730a.dir/CheckSymbolExists.c.o
/usr/bin/cc   -fsigned-char -W -Wall -Werror=return-type -Werror=non-virtual-dtor -Werror=address -Werror=sequence-point -Wformat -Werror=format-security -Wmissing-declarations -Wmissing-prototypes -Wstrict-prototypes -Wundef -Winit-self -Wpointer-arith -Wshadow -Wuninitialized -Winit-self -Wno-narrowing -Wno-comment -Wno-implicit-fallthrough -fdiagnostics-show-option -pthread -fomit-frame-pointer -ffunction-sections -fdata-sections    -fvisibility=hidden  -O3 -DNDEBUG -fPIE   -o CMakeFiles/cmTC_3730a.dir/CheckSymbolExists.c.o   -c /home/fpga/opencv-3.4.1/build/CMakeFiles/CMakeTmp/CheckSymbolExists.c
/home/fpga/opencv-3.4.1/build/CMakeFiles/CMakeTmp/CheckSymbolExists.c:2:10: fatal error: OpenCL_INCLUDE_DIR-NOTFOUND/CL/cl.h: No such file or directory
 #include <OpenCL_INCLUDE_DIR-NOTFOUND/CL/cl.h>
          ^~~~~~~~~~~~~~~~~~~~~~~~~~~~~~~~~~~~~
compilation terminated.
make[1]: *** [CMakeFiles/cmTC_3730a.dir/build.make:66: CMakeFiles/cmTC_3730a.dir/CheckSymbolExists.c.o] Error 1
make[1]: Leaving directory '/home/fpga/opencv-3.4.1/build/CMakeFiles/CMakeTmp'
make: *** [Makefile:121: cmTC_3730a/fast] Error 2

File /home/fpga/opencv-3.4.1/build/CMakeFiles/CMakeTmp/CheckSymbolExists.c:
/* */
#include <OpenCL_INCLUDE_DIR-NOTFOUND/CL/cl.h>

int main(int argc, char** argv)
{
  (void)argv;
#ifndef CL_VERSION_2_0
  return ((int*)(&CL_VERSION_2_0))[argc];
#else
  (void)argc;
  return 0;
#endif
}

Determining if the CL_VERSION_1_2 exist failed with the following output:
Change Dir: /home/fpga/opencv-3.4.1/build/CMakeFiles/CMakeTmp

Run Build Command:"/usr/bin/make" "cmTC_d7c1e/fast"
/usr/bin/make -f CMakeFiles/cmTC_d7c1e.dir/build.make CMakeFiles/cmTC_d7c1e.dir/build
make[1]: Entering directory '/home/fpga/opencv-3.4.1/build/CMakeFiles/CMakeTmp'
Building C object CMakeFiles/cmTC_d7c1e.dir/CheckSymbolExists.c.o
/usr/bin/cc   -fsigned-char -W -Wall -Werror=return-type -Werror=non-virtual-dtor -Werror=address -Werror=sequence-point -Wformat -Werror=format-security -Wmissing-declarations -Wmissing-prototypes -Wstrict-prototypes -Wundef -Winit-self -Wpointer-arith -Wshadow -Wuninitialized -Winit-self -Wno-narrowing -Wno-comment -Wno-implicit-fallthrough -fdiagnostics-show-option -pthread -fomit-frame-pointer -ffunction-sections -fdata-sections    -fvisibility=hidden  -O3 -DNDEBUG -fPIE   -o CMakeFiles/cmTC_d7c1e.dir/CheckSymbolExists.c.o   -c /home/fpga/opencv-3.4.1/build/CMakeFiles/CMakeTmp/CheckSymbolExists.c
/home/fpga/opencv-3.4.1/build/CMakeFiles/CMakeTmp/CheckSymbolExists.c:2:10: fatal error: OpenCL_INCLUDE_DIR-NOTFOUND/CL/cl.h: No such file or directory
 #include <OpenCL_INCLUDE_DIR-NOTFOUND/CL/cl.h>
          ^~~~~~~~~~~~~~~~~~~~~~~~~~~~~~~~~~~~~
compilation terminated.
make[1]: *** [CMakeFiles/cmTC_d7c1e.dir/build.make:66: CMakeFiles/cmTC_d7c1e.dir/CheckSymbolExists.c.o] Error 1
make[1]: Leaving directory '/home/fpga/opencv-3.4.1/build/CMakeFiles/CMakeTmp'
make: *** [Makefile:121: cmTC_d7c1e/fast] Error 2

File /home/fpga/opencv-3.4.1/build/CMakeFiles/CMakeTmp/CheckSymbolExists.c:
/* */
#include <OpenCL_INCLUDE_DIR-NOTFOUND/CL/cl.h>

int main(int argc, char** argv)
{
  (void)argv;
#ifndef CL_VERSION_1_2
  return ((int*)(&CL_VERSION_1_2))[argc];
#else
  (void)argc;
  return 0;
#endif
}

Determining if the CL_VERSION_1_1 exist failed with the following output:
Change Dir: /home/fpga/opencv-3.4.1/build/CMakeFiles/CMakeTmp

Run Build Command:"/usr/bin/make" "cmTC_a2bb0/fast"
/usr/bin/make -f CMakeFiles/cmTC_a2bb0.dir/build.make CMakeFiles/cmTC_a2bb0.dir/build
make[1]: Entering directory '/home/fpga/opencv-3.4.1/build/CMakeFiles/CMakeTmp'
Building C object CMakeFiles/cmTC_a2bb0.dir/CheckSymbolExists.c.o
/usr/bin/cc   -fsigned-char -W -Wall -Werror=return-type -Werror=non-virtual-dtor -Werror=address -Werror=sequence-point -Wformat -Werror=format-security -Wmissing-declarations -Wmissing-prototypes -Wstrict-prototypes -Wundef -Winit-self -Wpointer-arith -Wshadow -Wuninitialized -Winit-self -Wno-narrowing -Wno-comment -Wno-implicit-fallthrough -fdiagnostics-show-option -pthread -fomit-frame-pointer -ffunction-sections -fdata-sections    -fvisibility=hidden  -O3 -DNDEBUG -fPIE   -o CMakeFiles/cmTC_a2bb0.dir/CheckSymbolExists.c.o   -c /home/fpga/opencv-3.4.1/build/CMakeFiles/CMakeTmp/CheckSymbolExists.c
/home/fpga/opencv-3.4.1/build/CMakeFiles/CMakeTmp/CheckSymbolExists.c:2:10: fatal error: OpenCL_INCLUDE_DIR-NOTFOUND/CL/cl.h: No such file or directory
 #include <OpenCL_INCLUDE_DIR-NOTFOUND/CL/cl.h>
          ^~~~~~~~~~~~~~~~~~~~~~~~~~~~~~~~~~~~~
compilation terminated.
make[1]: *** [CMakeFiles/cmTC_a2bb0.dir/build.make:66: CMakeFiles/cmTC_a2bb0.dir/CheckSymbolExists.c.o] Error 1
make[1]: Leaving directory '/home/fpga/opencv-3.4.1/build/CMakeFiles/CMakeTmp'
make: *** [Makefile:121: cmTC_a2bb0/fast] Error 2

File /home/fpga/opencv-3.4.1/build/CMakeFiles/CMakeTmp/CheckSymbolExists.c:
/* */
#include <OpenCL_INCLUDE_DIR-NOTFOUND/CL/cl.h>

int main(int argc, char** argv)
{
  (void)argv;
#ifndef CL_VERSION_1_1
  return ((int*)(&CL_VERSION_1_1))[argc];
#else
  (void)argc;
  return 0;
#endif
}

Determining if the CL_VERSION_1_0 exist failed with the following output:
Change Dir: /home/fpga/opencv-3.4.1/build/CMakeFiles/CMakeTmp

Run Build Command:"/usr/bin/make" "cmTC_446f8/fast"
/usr/bin/make -f CMakeFiles/cmTC_446f8.dir/build.make CMakeFiles/cmTC_446f8.dir/build
make[1]: Entering directory '/home/fpga/opencv-3.4.1/build/CMakeFiles/CMakeTmp'
Building C object CMakeFiles/cmTC_446f8.dir/CheckSymbolExists.c.o
/usr/bin/cc   -fsigned-char -W -Wall -Werror=return-type -Werror=non-virtual-dtor -Werror=address -Werror=sequence-point -Wformat -Werror=format-security -Wmissing-declarations -Wmissing-prototypes -Wstrict-prototypes -Wundef -Winit-self -Wpointer-arith -Wshadow -Wuninitialized -Winit-self -Wno-narrowing -Wno-comment -Wno-implicit-fallthrough -fdiagnostics-show-option -pthread -fomit-frame-pointer -ffunction-sections -fdata-sections    -fvisibility=hidden  -O3 -DNDEBUG -fPIE   -o CMakeFiles/cmTC_446f8.dir/CheckSymbolExists.c.o   -c /home/fpga/opencv-3.4.1/build/CMakeFiles/CMakeTmp/CheckSymbolExists.c
/home/fpga/opencv-3.4.1/build/CMakeFiles/CMakeTmp/CheckSymbolExists.c:2:10: fatal error: OpenCL_INCLUDE_DIR-NOTFOUND/CL/cl.h: No such file or directory
 #include <OpenCL_INCLUDE_DIR-NOTFOUND/CL/cl.h>
          ^~~~~~~~~~~~~~~~~~~~~~~~~~~~~~~~~~~~~
compilation terminated.
make[1]: *** [CMakeFiles/cmTC_446f8.dir/build.make:66: CMakeFiles/cmTC_446f8.dir/CheckSymbolExists.c.o] Error 1
make[1]: Leaving directory '/home/fpga/opencv-3.4.1/build/CMakeFiles/CMakeTmp'
make: *** [Makefile:121: cmTC_446f8/fast] Error 2

File /home/fpga/opencv-3.4.1/build/CMakeFiles/CMakeTmp/CheckSymbolExists.c:
/* */
#include <OpenCL_INCLUDE_DIR-NOTFOUND/CL/cl.h>

int main(int argc, char** argv)
{
  (void)argv;
#ifndef CL_VERSION_1_0
  return ((int*)(&CL_VERSION_1_0))[argc];
#else
  (void)argc;
  return 0;
#endif
}

